<?xml version="1.0" encoding="UTF-8"?>
<!-- Generated by org.testng.reporters.JUnitXMLReporter -->
<testsuite ignored="0" hostname="Himanshu-Sah" failures="1" tests="2" name="Test" time="27.06" errors="0" timestamp="2022-07-26T12:31:54 IST">
  <testcase classname="script.DemoQA" name="Script" time="6.6"/>
  <testcase classname="script.Facebook" name="Script" time="7.65">
    <failure type="java.lang.AssertionError" message="expected [We&amp;apos;ll take you throgh a few steps to confirm your account on Facebook.] but found [We&amp;apos;ll take you through a few steps to confirm your account on Facebook.]">
      <![CDATA[java.lang.AssertionError: expected [We'll take you throgh a few steps to confirm your account on Facebook.] but found [We'll take you through a few steps to confirm your account on Facebook.]
at script.Facebook.Script(Facebook.java:76)
at java.base/java.util.ArrayList.forEach(ArrayList.java:1511)
... Removed 33 stack frames]]>
    </failure>
  </testcase> <!-- Script -->
</testsuite> <!-- Test -->
